2023-01-20 12:29:30.148 +02:00 [INF] DBG PMAnager: Enabled field for CashDrawer is : True
2023-01-20 12:29:30.575 +02:00 [INF] Application started. Press Ctrl+C to shut down.
2023-01-20 12:29:30.578 +02:00 [INF] Hosting environment: Development
2023-01-20 12:29:30.581 +02:00 [INF] Content root path: E:\git\Tremend\Mcd\PManager V2\Mcd.Pos.Devices.PeripheralManager\Mcd.Pos.Devices.PeripheralManager
2023-01-20 12:29:49.061 +02:00 [INF] DBG PMAnager: Enabled field for CashDrawer is : True
2023-01-20 12:30:05.124 +02:00 [INF] DBG PMAnager: Enabled field for CashDrawer is : True
2023-01-20 12:30:21.715 +02:00 [INF] DBG PMAnager: Enabled field for CashDrawer is : True
2023-01-20 12:31:10.927 +02:00 [INF] DBG PMAnager: Enabled field for CashDrawer is : True
2023-01-20 12:31:10.943 +02:00 [INF] Application started. Press Ctrl+C to shut down.
2023-01-20 12:31:10.945 +02:00 [INF] Hosting environment: Development
2023-01-20 12:31:10.948 +02:00 [INF] Content root path: E:\git\Tremend\Mcd\PManager V2\Mcd.Pos.Devices.PeripheralManager\Mcd.Pos.Devices.PeripheralManager
2023-01-20 12:32:01.864 +02:00 [INF] DBG PMAnager: Enabled field for CashDrawer is : True
2023-01-20 12:32:01.881 +02:00 [INF] Application started. Press Ctrl+C to shut down.
2023-01-20 12:32:01.883 +02:00 [INF] Hosting environment: Development
2023-01-20 12:32:01.886 +02:00 [INF] Content root path: E:\git\Tremend\Mcd\PManager V2\Mcd.Pos.Devices.PeripheralManager\Mcd.Pos.Devices.PeripheralManager
2023-01-20 12:32:52.279 +02:00 [INF] DBG PMAnager: Enabled field for CashDrawer is : True
2023-01-20 12:33:32.057 +02:00 [INF] DBG PMAnager: Enabled field for CashDrawer is : True
2023-01-20 12:33:32.074 +02:00 [INF] Application started. Press Ctrl+C to shut down.
2023-01-20 12:33:32.076 +02:00 [INF] Hosting environment: Development
2023-01-20 12:33:32.078 +02:00 [INF] Content root path: E:\git\Tremend\Mcd\PManager V2\Mcd.Pos.Devices.PeripheralManager\Mcd.Pos.Devices.PeripheralManager
2023-01-20 12:33:48.634 +02:00 [INF] DBG PMAnager: Enabled field for CashDrawer is : True
2023-01-20 12:48:07.220 +02:00 [INF] DBG PMAnager: Enabled field for CashDrawer is : True
2023-01-20 12:48:07.237 +02:00 [INF] Application started. Press Ctrl+C to shut down.
2023-01-20 12:48:07.239 +02:00 [INF] Hosting environment: Development
2023-01-20 12:48:07.241 +02:00 [INF] Content root path: E:\git\Tremend\Mcd\PManager V2\Mcd.Pos.Devices.PeripheralManager\Mcd.Pos.Devices.PeripheralManager
2023-01-20 13:22:16.052 +02:00 [INF] DBG PMAnager: Enabled field for CashDrawer is : True
2023-01-20 13:22:16.370 +02:00 [INF] Application started. Press Ctrl+C to shut down.
2023-01-20 13:22:16.372 +02:00 [INF] Hosting environment: Development
2023-01-20 13:22:16.374 +02:00 [INF] Content root path: E:\git\Tremend\Mcd\PManager V2\Mcd.Pos.Devices.PeripheralManager\Mcd.Pos.Devices.PeripheralManager
2023-01-20 13:22:43.641 +02:00 [INF] DBG PMAnager: Enabled field for CashDrawer is : True
2023-01-20 13:23:02.518 +02:00 [INF] DBG PMAnager: Enabled field for CashDrawer is : True
2023-01-20 13:23:21.141 +02:00 [INF] DBG PMAnager: Enabled field for CashDrawer is : True
2023-01-20 13:23:39.566 +02:00 [INF] DBG PMAnager: Enabled field for CashDrawer is : True
2023-01-20 16:08:56.485 +02:00 [INF] DBG PMAnager: Enabled field for CashDrawer is : True
2023-01-20 16:08:56.516 +02:00 [INF] Application started. Press Ctrl+C to shut down.
2023-01-20 16:08:56.519 +02:00 [INF] Hosting environment: Development
2023-01-20 16:08:56.521 +02:00 [INF] Content root path: C:\git\Temp\Mcd.Pos.Devices.PeripheralManager\Mcd.Pos.Devices.PeripheralManager
2023-01-20 16:09:39.085 +02:00 [INF] DBG PMAnager: Enabled field for CashDrawer is : True
2023-01-20 16:09:39.322 +02:00 [INF] Application started. Press Ctrl+C to shut down.
2023-01-20 16:09:39.327 +02:00 [INF] Hosting environment: Development
2023-01-20 16:09:39.332 +02:00 [INF] Content root path: C:\git\Temp\Mcd.Pos.Devices.PeripheralManager\Mcd.Pos.Devices.PeripheralManager
2023-01-20 16:11:29.178 +02:00 [INF] DBG PMAnager: Enabled field for CashDrawer is : True
2023-01-20 16:11:29.195 +02:00 [INF] Application started. Press Ctrl+C to shut down.
2023-01-20 16:11:29.197 +02:00 [INF] Hosting environment: Development
2023-01-20 16:11:29.201 +02:00 [INF] Content root path: C:\git\Temp\Mcd.Pos.Devices.PeripheralManager\Mcd.Pos.Devices.PeripheralManager
2023-01-20 16:11:46.500 +02:00 [INF] DBG PMAnager: Enabled field for CashDrawer is : True
2023-01-20 16:15:10.251 +02:00 [INF] DBG PMAnager: Enabled field for CashDrawer is : True
2023-01-20 16:15:10.295 +02:00 [INF] Application started. Press Ctrl+C to shut down.
2023-01-20 16:15:10.299 +02:00 [INF] Hosting environment: Development
2023-01-20 16:15:10.304 +02:00 [INF] Content root path: C:\git\Temp\Mcd.Pos.Devices.PeripheralManager\Mcd.Pos.Devices.PeripheralManager
2023-01-20 16:15:20.647 +02:00 [INF] DBG PMAnager: Enabled field for CashDrawer is : True
2023-01-20 16:15:20.673 +02:00 [INF] Application started. Press Ctrl+C to shut down.
2023-01-20 16:15:20.677 +02:00 [INF] Hosting environment: Development
2023-01-20 16:15:20.681 +02:00 [INF] Content root path: C:\git\Temp\Mcd.Pos.Devices.PeripheralManager\Mcd.Pos.Devices.PeripheralManager
2023-01-20 16:17:10.217 +02:00 [INF] DBG PMAnager: Enabled field for CashDrawer is : True
2023-01-20 16:17:10.236 +02:00 [INF] Application started. Press Ctrl+C to shut down.
2023-01-20 16:17:10.239 +02:00 [INF] Hosting environment: Development
2023-01-20 16:17:10.242 +02:00 [INF] Content root path: C:\git\Temp\Mcd.Pos.Devices.PeripheralManager\Mcd.Pos.Devices.PeripheralManager
2023-01-20 16:17:53.401 +02:00 [INF] DBG PMAnager: Enabled field for CashDrawer is : True
2023-01-20 16:17:53.432 +02:00 [INF] Application started. Press Ctrl+C to shut down.
2023-01-20 16:17:53.437 +02:00 [INF] Hosting environment: Development
2023-01-20 16:17:53.441 +02:00 [INF] Content root path: C:\git\Temp\Mcd.Pos.Devices.PeripheralManager\Mcd.Pos.Devices.PeripheralManager
2023-01-20 16:19:04.450 +02:00 [INF] DBG PMAnager: Enabled field for CashDrawer is : True
2023-01-20 16:20:00.797 +02:00 [INF] DBG PMAnager: Enabled field for CashDrawer is : True
2023-01-20 16:20:00.820 +02:00 [INF] Application started. Press Ctrl+C to shut down.
2023-01-20 16:20:00.823 +02:00 [INF] Hosting environment: Development
2023-01-20 16:20:00.827 +02:00 [INF] Content root path: C:\git\Temp\Mcd.Pos.Devices.PeripheralManager\Mcd.Pos.Devices.PeripheralManager
2023-01-20 16:20:27.387 +02:00 [INF] DBG PMAnager: Enabled field for CashDrawer is : True
2023-01-20 16:21:48.323 +02:00 [INF] DBG PMAnager: Enabled field for CashDrawer is : True
2023-01-20 16:21:48.346 +02:00 [INF] Application started. Press Ctrl+C to shut down.
2023-01-20 16:21:48.351 +02:00 [INF] Hosting environment: Development
2023-01-20 16:21:48.356 +02:00 [INF] Content root path: C:\git\Temp\Mcd.Pos.Devices.PeripheralManager\Mcd.Pos.Devices.PeripheralManager
2023-01-20 16:22:36.970 +02:00 [INF] DBG PMAnager: Enabled field for CashDrawer is : True
2023-01-20 16:22:36.990 +02:00 [INF] Application started. Press Ctrl+C to shut down.
2023-01-20 16:22:36.994 +02:00 [INF] Hosting environment: Development
2023-01-20 16:22:36.997 +02:00 [INF] Content root path: C:\git\Temp\Mcd.Pos.Devices.PeripheralManager\Mcd.Pos.Devices.PeripheralManager
2023-01-20 16:22:53.946 +02:00 [INF] DBG PMAnager: Enabled field for CashDrawer is : True
2023-01-20 16:26:53.203 +02:00 [INF] DBG PMAnager: Enabled field for CashDrawer is : True
2023-01-20 16:26:53.227 +02:00 [INF] Application started. Press Ctrl+C to shut down.
2023-01-20 16:26:53.234 +02:00 [INF] Hosting environment: Development
2023-01-20 16:26:53.241 +02:00 [INF] Content root path: C:\git\Temp\Mcd.Pos.Devices.PeripheralManager\Mcd.Pos.Devices.PeripheralManager
