2023-01-19 14:16:23.065 +02:00 [INF] DBG PMAnager: Enabled field for CashDrawer is : True
2023-01-19 14:16:23.083 +02:00 [INF] Application started. Press Ctrl+C to shut down.
2023-01-19 14:16:23.085 +02:00 [INF] Hosting environment: Production
2023-01-19 14:16:23.086 +02:00 [INF] Content root path: E:\git\Tremend\Mcd\PManager V2\Mcd.Pos.Devices.PeripheralManager\Mcd.Pos.Devices.PeripheralManager\bin\Debug\net6.0
2023-01-19 14:16:38.098 +02:00 [INF] DBG PMAnager: Enabled field for CashDrawer is : True
2023-01-19 14:16:53.120 +02:00 [INF] DBG PMAnager: Enabled field for CashDrawer is : True
2023-01-19 14:17:08.134 +02:00 [INF] DBG PMAnager: Enabled field for CashDrawer is : True
2023-01-19 14:17:23.143 +02:00 [INF] DBG PMAnager: Enabled field for CashDrawer is : True
2023-01-19 14:17:38.152 +02:00 [INF] DBG PMAnager: Enabled field for CashDrawer is : True
2023-01-19 14:17:53.165 +02:00 [INF] DBG PMAnager: Enabled field for CashDrawer is : True
2023-01-19 14:18:08.184 +02:00 [INF] DBG PMAnager: Enabled field for CashDrawer is : True
2023-01-19 14:18:23.191 +02:00 [INF] DBG PMAnager: Enabled field for CashDrawer is : True
2023-01-19 14:18:38.194 +02:00 [INF] DBG PMAnager: Enabled field for CashDrawer is : True
2023-01-19 14:18:53.195 +02:00 [INF] DBG PMAnager: Enabled field for CashDrawer is : True
2023-01-19 14:19:08.209 +02:00 [INF] DBG PMAnager: Enabled field for CashDrawer is : True
2023-01-19 14:19:23.219 +02:00 [INF] DBG PMAnager: Enabled field for CashDrawer is : True
2023-01-19 14:19:38.221 +02:00 [INF] DBG PMAnager: Enabled field for CashDrawer is : True
2023-01-19 14:19:53.235 +02:00 [INF] DBG PMAnager: Enabled field for CashDrawer is : True
2023-01-19 14:20:08.250 +02:00 [INF] DBG PMAnager: Enabled field for CashDrawer is : True
2023-01-19 14:20:23.255 +02:00 [INF] DBG PMAnager: Enabled field for CashDrawer is : True
2023-01-19 14:20:38.269 +02:00 [INF] DBG PMAnager: Enabled field for CashDrawer is : True
2023-01-19 14:20:53.282 +02:00 [INF] DBG PMAnager: Enabled field for CashDrawer is : True
2023-01-19 14:21:08.290 +02:00 [INF] DBG PMAnager: Enabled field for CashDrawer is : True
2023-01-19 14:21:23.297 +02:00 [INF] DBG PMAnager: Enabled field for CashDrawer is : True
2023-01-19 14:21:38.308 +02:00 [INF] DBG PMAnager: Enabled field for CashDrawer is : True
2023-01-19 14:21:53.318 +02:00 [INF] DBG PMAnager: Enabled field for CashDrawer is : True
2023-01-19 14:22:08.325 +02:00 [INF] DBG PMAnager: Enabled field for CashDrawer is : True
2023-01-19 14:22:23.327 +02:00 [INF] DBG PMAnager: Enabled field for CashDrawer is : True
2023-01-19 14:22:38.342 +02:00 [INF] DBG PMAnager: Enabled field for CashDrawer is : True
2023-01-19 14:22:53.351 +02:00 [INF] DBG PMAnager: Enabled field for CashDrawer is : True
2023-01-19 14:23:08.361 +02:00 [INF] DBG PMAnager: Enabled field for CashDrawer is : True
2023-01-19 14:23:23.376 +02:00 [INF] DBG PMAnager: Enabled field for CashDrawer is : True
2023-01-19 14:23:38.378 +02:00 [INF] DBG PMAnager: Enabled field for CashDrawer is : True
2023-01-19 14:23:53.379 +02:00 [INF] DBG PMAnager: Enabled field for CashDrawer is : True
2023-01-19 14:24:08.390 +02:00 [INF] DBG PMAnager: Enabled field for CashDrawer is : True
2023-01-19 14:24:23.395 +02:00 [INF] DBG PMAnager: Enabled field for CashDrawer is : True
2023-01-19 14:24:38.407 +02:00 [INF] DBG PMAnager: Enabled field for CashDrawer is : True
2023-01-19 14:24:53.417 +02:00 [INF] DBG PMAnager: Enabled field for CashDrawer is : True
2023-01-19 14:25:08.432 +02:00 [INF] DBG PMAnager: Enabled field for CashDrawer is : True
2023-01-19 14:25:23.439 +02:00 [INF] DBG PMAnager: Enabled field for CashDrawer is : True
2023-01-19 14:25:38.444 +02:00 [INF] DBG PMAnager: Enabled field for CashDrawer is : True
2023-01-19 14:25:53.459 +02:00 [INF] DBG PMAnager: Enabled field for CashDrawer is : True
2023-01-19 14:26:08.469 +02:00 [INF] DBG PMAnager: Enabled field for CashDrawer is : True
2023-01-19 14:26:23.473 +02:00 [INF] DBG PMAnager: Enabled field for CashDrawer is : True
2023-01-19 14:26:38.488 +02:00 [INF] DBG PMAnager: Enabled field for CashDrawer is : True
2023-01-19 14:26:53.502 +02:00 [INF] DBG PMAnager: Enabled field for CashDrawer is : True
2023-01-19 14:27:08.514 +02:00 [INF] DBG PMAnager: Enabled field for CashDrawer is : True
2023-01-19 14:27:23.529 +02:00 [INF] DBG PMAnager: Enabled field for CashDrawer is : True
2023-01-19 14:27:38.545 +02:00 [INF] DBG PMAnager: Enabled field for CashDrawer is : True
2023-01-19 14:27:53.553 +02:00 [INF] DBG PMAnager: Enabled field for CashDrawer is : True
2023-01-19 14:28:08.554 +02:00 [INF] DBG PMAnager: Enabled field for CashDrawer is : True
2023-01-19 14:28:23.560 +02:00 [INF] DBG PMAnager: Enabled field for CashDrawer is : True
2023-01-19 14:28:38.563 +02:00 [INF] DBG PMAnager: Enabled field for CashDrawer is : True
2023-01-19 14:28:53.567 +02:00 [INF] DBG PMAnager: Enabled field for CashDrawer is : True
2023-01-19 14:29:08.578 +02:00 [INF] DBG PMAnager: Enabled field for CashDrawer is : True
2023-01-19 14:29:23.580 +02:00 [INF] DBG PMAnager: Enabled field for CashDrawer is : True
2023-01-19 14:29:38.584 +02:00 [INF] DBG PMAnager: Enabled field for CashDrawer is : True
2023-01-19 14:29:53.594 +02:00 [INF] DBG PMAnager: Enabled field for CashDrawer is : True
2023-01-19 14:30:08.597 +02:00 [INF] DBG PMAnager: Enabled field for CashDrawer is : True
2023-01-19 14:30:23.608 +02:00 [INF] DBG PMAnager: Enabled field for CashDrawer is : True
2023-01-19 14:30:38.609 +02:00 [INF] DBG PMAnager: Enabled field for CashDrawer is : True
2023-01-19 14:30:53.613 +02:00 [INF] DBG PMAnager: Enabled field for CashDrawer is : True
2023-01-19 14:31:08.617 +02:00 [INF] DBG PMAnager: Enabled field for CashDrawer is : True
2023-01-19 14:31:23.619 +02:00 [INF] DBG PMAnager: Enabled field for CashDrawer is : True
2023-01-19 14:31:38.621 +02:00 [INF] DBG PMAnager: Enabled field for CashDrawer is : True
2023-01-19 14:31:53.624 +02:00 [INF] DBG PMAnager: Enabled field for CashDrawer is : True
2023-01-19 14:32:08.640 +02:00 [INF] DBG PMAnager: Enabled field for CashDrawer is : True
2023-01-19 14:32:23.649 +02:00 [INF] DBG PMAnager: Enabled field for CashDrawer is : True
2023-01-19 14:32:38.659 +02:00 [INF] DBG PMAnager: Enabled field for CashDrawer is : True
2023-01-19 14:32:53.675 +02:00 [INF] DBG PMAnager: Enabled field for CashDrawer is : True
2023-01-19 14:33:08.677 +02:00 [INF] DBG PMAnager: Enabled field for CashDrawer is : True
2023-01-19 14:33:23.693 +02:00 [INF] DBG PMAnager: Enabled field for CashDrawer is : True
2023-01-19 14:33:38.708 +02:00 [INF] DBG PMAnager: Enabled field for CashDrawer is : True
2023-01-19 14:33:53.719 +02:00 [INF] DBG PMAnager: Enabled field for CashDrawer is : True
2023-01-19 14:34:08.734 +02:00 [INF] DBG PMAnager: Enabled field for CashDrawer is : True
2023-01-19 14:34:23.748 +02:00 [INF] DBG PMAnager: Enabled field for CashDrawer is : True
2023-01-19 14:34:38.753 +02:00 [INF] DBG PMAnager: Enabled field for CashDrawer is : True
2023-01-19 14:34:53.762 +02:00 [INF] DBG PMAnager: Enabled field for CashDrawer is : True
2023-01-19 14:35:08.778 +02:00 [INF] DBG PMAnager: Enabled field for CashDrawer is : True
2023-01-19 14:35:23.781 +02:00 [INF] DBG PMAnager: Enabled field for CashDrawer is : True
2023-01-19 14:35:38.797 +02:00 [INF] DBG PMAnager: Enabled field for CashDrawer is : True
2023-01-19 14:35:53.804 +02:00 [INF] DBG PMAnager: Enabled field for CashDrawer is : True
2023-01-19 14:36:08.805 +02:00 [INF] DBG PMAnager: Enabled field for CashDrawer is : True
2023-01-19 14:36:23.816 +02:00 [INF] DBG PMAnager: Enabled field for CashDrawer is : True
2023-01-19 14:36:38.823 +02:00 [INF] DBG PMAnager: Enabled field for CashDrawer is : True
2023-01-19 14:36:53.837 +02:00 [INF] DBG PMAnager: Enabled field for CashDrawer is : True
2023-01-19 14:37:08.845 +02:00 [INF] DBG PMAnager: Enabled field for CashDrawer is : True
2023-01-19 14:37:23.846 +02:00 [INF] DBG PMAnager: Enabled field for CashDrawer is : True
2023-01-19 14:37:38.861 +02:00 [INF] DBG PMAnager: Enabled field for CashDrawer is : True
2023-01-19 14:37:53.873 +02:00 [INF] DBG PMAnager: Enabled field for CashDrawer is : True
2023-01-19 14:38:08.884 +02:00 [INF] DBG PMAnager: Enabled field for CashDrawer is : True
2023-01-19 14:38:23.892 +02:00 [INF] DBG PMAnager: Enabled field for CashDrawer is : True
2023-01-19 14:38:38.899 +02:00 [INF] DBG PMAnager: Enabled field for CashDrawer is : True
2023-01-19 14:38:53.911 +02:00 [INF] DBG PMAnager: Enabled field for CashDrawer is : True
2023-01-19 14:39:08.912 +02:00 [INF] DBG PMAnager: Enabled field for CashDrawer is : True
2023-01-19 14:39:23.917 +02:00 [INF] DBG PMAnager: Enabled field for CashDrawer is : True
2023-01-19 14:39:38.930 +02:00 [INF] DBG PMAnager: Enabled field for CashDrawer is : True
2023-01-19 14:39:53.934 +02:00 [INF] DBG PMAnager: Enabled field for CashDrawer is : True
2023-01-19 14:40:08.941 +02:00 [INF] DBG PMAnager: Enabled field for CashDrawer is : True
2023-01-19 14:40:23.943 +02:00 [INF] DBG PMAnager: Enabled field for CashDrawer is : True
2023-01-19 14:40:38.950 +02:00 [INF] DBG PMAnager: Enabled field for CashDrawer is : True
2023-01-19 14:40:53.952 +02:00 [INF] DBG PMAnager: Enabled field for CashDrawer is : True
2023-01-19 14:41:08.963 +02:00 [INF] DBG PMAnager: Enabled field for CashDrawer is : True
2023-01-19 14:41:23.968 +02:00 [INF] DBG PMAnager: Enabled field for CashDrawer is : True
2023-01-19 14:41:38.976 +02:00 [INF] DBG PMAnager: Enabled field for CashDrawer is : True
2023-01-19 14:41:53.990 +02:00 [INF] DBG PMAnager: Enabled field for CashDrawer is : True
2023-01-19 14:42:09.002 +02:00 [INF] DBG PMAnager: Enabled field for CashDrawer is : True
2023-01-19 14:42:24.015 +02:00 [INF] DBG PMAnager: Enabled field for CashDrawer is : True
2023-01-19 14:42:39.017 +02:00 [INF] DBG PMAnager: Enabled field for CashDrawer is : True
2023-01-19 14:42:54.033 +02:00 [INF] DBG PMAnager: Enabled field for CashDrawer is : True
2023-01-19 14:43:09.047 +02:00 [INF] DBG PMAnager: Enabled field for CashDrawer is : True
2023-01-19 14:43:24.056 +02:00 [INF] DBG PMAnager: Enabled field for CashDrawer is : True
2023-01-19 14:43:39.062 +02:00 [INF] DBG PMAnager: Enabled field for CashDrawer is : True
2023-01-19 14:43:54.071 +02:00 [INF] DBG PMAnager: Enabled field for CashDrawer is : True
2023-01-19 14:44:09.076 +02:00 [INF] DBG PMAnager: Enabled field for CashDrawer is : True
2023-01-19 14:44:24.078 +02:00 [INF] DBG PMAnager: Enabled field for CashDrawer is : True
2023-01-19 14:44:39.083 +02:00 [INF] DBG PMAnager: Enabled field for CashDrawer is : True
2023-01-19 14:44:54.088 +02:00 [INF] DBG PMAnager: Enabled field for CashDrawer is : True
2023-01-19 14:45:09.094 +02:00 [INF] DBG PMAnager: Enabled field for CashDrawer is : True
2023-01-19 14:45:24.095 +02:00 [INF] DBG PMAnager: Enabled field for CashDrawer is : True
2023-01-19 14:45:39.104 +02:00 [INF] DBG PMAnager: Enabled field for CashDrawer is : True
2023-01-19 14:45:54.107 +02:00 [INF] DBG PMAnager: Enabled field for CashDrawer is : True
2023-01-19 14:46:09.115 +02:00 [INF] DBG PMAnager: Enabled field for CashDrawer is : True
2023-01-19 14:46:24.119 +02:00 [INF] DBG PMAnager: Enabled field for CashDrawer is : True
2023-01-19 14:46:39.122 +02:00 [INF] DBG PMAnager: Enabled field for CashDrawer is : True
2023-01-19 14:46:54.129 +02:00 [INF] DBG PMAnager: Enabled field for CashDrawer is : True
2023-01-19 14:47:09.134 +02:00 [INF] DBG PMAnager: Enabled field for CashDrawer is : True
2023-01-19 14:47:24.143 +02:00 [INF] DBG PMAnager: Enabled field for CashDrawer is : True
2023-01-19 14:47:39.151 +02:00 [INF] DBG PMAnager: Enabled field for CashDrawer is : True
2023-01-19 14:47:54.153 +02:00 [INF] DBG PMAnager: Enabled field for CashDrawer is : True
2023-01-19 14:48:09.161 +02:00 [INF] DBG PMAnager: Enabled field for CashDrawer is : True
2023-01-19 14:48:24.172 +02:00 [INF] DBG PMAnager: Enabled field for CashDrawer is : True
2023-01-19 14:48:39.174 +02:00 [INF] DBG PMAnager: Enabled field for CashDrawer is : True
2023-01-19 14:48:54.190 +02:00 [INF] DBG PMAnager: Enabled field for CashDrawer is : True
2023-01-19 14:49:09.206 +02:00 [INF] DBG PMAnager: Enabled field for CashDrawer is : True
2023-01-19 14:49:24.212 +02:00 [INF] DBG PMAnager: Enabled field for CashDrawer is : True
2023-01-19 14:49:39.228 +02:00 [INF] DBG PMAnager: Enabled field for CashDrawer is : True
2023-01-19 14:49:54.229 +02:00 [INF] DBG PMAnager: Enabled field for CashDrawer is : True
2023-01-19 14:50:09.243 +02:00 [INF] DBG PMAnager: Enabled field for CashDrawer is : True
2023-01-19 14:50:24.255 +02:00 [INF] DBG PMAnager: Enabled field for CashDrawer is : True
2023-01-19 14:50:39.261 +02:00 [INF] DBG PMAnager: Enabled field for CashDrawer is : True
2023-01-19 14:50:54.270 +02:00 [INF] DBG PMAnager: Enabled field for CashDrawer is : True
2023-01-19 14:51:09.275 +02:00 [INF] DBG PMAnager: Enabled field for CashDrawer is : True
2023-01-19 14:51:24.278 +02:00 [INF] DBG PMAnager: Enabled field for CashDrawer is : True
2023-01-19 14:51:39.288 +02:00 [INF] DBG PMAnager: Enabled field for CashDrawer is : True
2023-01-19 14:51:54.289 +02:00 [INF] DBG PMAnager: Enabled field for CashDrawer is : True
2023-01-19 14:52:09.301 +02:00 [INF] DBG PMAnager: Enabled field for CashDrawer is : True
2023-01-19 14:52:24.302 +02:00 [INF] DBG PMAnager: Enabled field for CashDrawer is : True
2023-01-19 14:52:39.305 +02:00 [INF] DBG PMAnager: Enabled field for CashDrawer is : True
2023-01-19 14:52:54.315 +02:00 [INF] DBG PMAnager: Enabled field for CashDrawer is : True
2023-01-19 14:53:09.329 +02:00 [INF] DBG PMAnager: Enabled field for CashDrawer is : True
2023-01-19 14:53:24.337 +02:00 [INF] DBG PMAnager: Enabled field for CashDrawer is : True
2023-01-19 14:53:39.346 +02:00 [INF] DBG PMAnager: Enabled field for CashDrawer is : True
2023-01-19 14:53:54.351 +02:00 [INF] DBG PMAnager: Enabled field for CashDrawer is : True
2023-01-19 14:54:09.356 +02:00 [INF] DBG PMAnager: Enabled field for CashDrawer is : True
2023-01-19 14:54:24.361 +02:00 [INF] DBG PMAnager: Enabled field for CashDrawer is : True
2023-01-19 14:54:39.376 +02:00 [INF] DBG PMAnager: Enabled field for CashDrawer is : True
2023-01-19 14:54:54.379 +02:00 [INF] DBG PMAnager: Enabled field for CashDrawer is : True
2023-01-19 14:55:09.392 +02:00 [INF] DBG PMAnager: Enabled field for CashDrawer is : True
2023-01-19 14:55:24.393 +02:00 [INF] DBG PMAnager: Enabled field for CashDrawer is : True
2023-01-19 14:55:39.407 +02:00 [INF] DBG PMAnager: Enabled field for CashDrawer is : True
2023-01-19 14:55:54.409 +02:00 [INF] DBG PMAnager: Enabled field for CashDrawer is : True
2023-01-19 14:56:09.421 +02:00 [INF] DBG PMAnager: Enabled field for CashDrawer is : True
2023-01-19 14:56:24.428 +02:00 [INF] DBG PMAnager: Enabled field for CashDrawer is : True
2023-01-19 14:56:39.438 +02:00 [INF] DBG PMAnager: Enabled field for CashDrawer is : True
2023-01-19 14:56:54.454 +02:00 [INF] DBG PMAnager: Enabled field for CashDrawer is : True
2023-01-19 14:57:09.468 +02:00 [INF] DBG PMAnager: Enabled field for CashDrawer is : True
2023-01-19 14:57:24.482 +02:00 [INF] DBG PMAnager: Enabled field for CashDrawer is : True
2023-01-19 14:57:39.494 +02:00 [INF] DBG PMAnager: Enabled field for CashDrawer is : True
2023-01-19 14:57:54.501 +02:00 [INF] DBG PMAnager: Enabled field for CashDrawer is : True
2023-01-19 14:58:09.509 +02:00 [INF] DBG PMAnager: Enabled field for CashDrawer is : True
2023-01-19 14:58:24.523 +02:00 [INF] DBG PMAnager: Enabled field for CashDrawer is : True
2023-01-19 14:58:39.537 +02:00 [INF] DBG PMAnager: Enabled field for CashDrawer is : True
2023-01-19 14:58:54.546 +02:00 [INF] DBG PMAnager: Enabled field for CashDrawer is : True
2023-01-19 14:59:09.551 +02:00 [INF] DBG PMAnager: Enabled field for CashDrawer is : True
2023-01-19 14:59:24.556 +02:00 [INF] DBG PMAnager: Enabled field for CashDrawer is : True
2023-01-19 14:59:39.564 +02:00 [INF] DBG PMAnager: Enabled field for CashDrawer is : True
2023-01-19 14:59:54.566 +02:00 [INF] DBG PMAnager: Enabled field for CashDrawer is : True
2023-01-19 15:00:09.573 +02:00 [INF] DBG PMAnager: Enabled field for CashDrawer is : True
2023-01-19 15:00:24.582 +02:00 [INF] DBG PMAnager: Enabled field for CashDrawer is : True
2023-01-19 15:00:39.596 +02:00 [INF] DBG PMAnager: Enabled field for CashDrawer is : True
2023-01-19 15:00:54.608 +02:00 [INF] DBG PMAnager: Enabled field for CashDrawer is : True
2023-01-19 15:01:09.612 +02:00 [INF] DBG PMAnager: Enabled field for CashDrawer is : True
2023-01-19 15:01:24.627 +02:00 [INF] DBG PMAnager: Enabled field for CashDrawer is : True
2023-01-19 15:01:39.639 +02:00 [INF] DBG PMAnager: Enabled field for CashDrawer is : True
2023-01-19 15:01:54.651 +02:00 [INF] DBG PMAnager: Enabled field for CashDrawer is : True
2023-01-19 15:02:09.665 +02:00 [INF] DBG PMAnager: Enabled field for CashDrawer is : True
2023-01-19 15:02:24.670 +02:00 [INF] DBG PMAnager: Enabled field for CashDrawer is : True
2023-01-19 15:02:39.671 +02:00 [INF] DBG PMAnager: Enabled field for CashDrawer is : True
2023-01-19 15:02:54.673 +02:00 [INF] DBG PMAnager: Enabled field for CashDrawer is : True
2023-01-19 15:03:09.685 +02:00 [INF] DBG PMAnager: Enabled field for CashDrawer is : True
2023-01-19 15:03:24.692 +02:00 [INF] DBG PMAnager: Enabled field for CashDrawer is : True
2023-01-19 15:03:39.694 +02:00 [INF] DBG PMAnager: Enabled field for CashDrawer is : True
2023-01-19 15:03:54.707 +02:00 [INF] DBG PMAnager: Enabled field for CashDrawer is : True
2023-01-19 15:04:09.722 +02:00 [INF] DBG PMAnager: Enabled field for CashDrawer is : True
2023-01-19 15:04:24.736 +02:00 [INF] DBG PMAnager: Enabled field for CashDrawer is : True
2023-01-19 15:04:39.744 +02:00 [INF] DBG PMAnager: Enabled field for CashDrawer is : True
2023-01-19 15:04:54.755 +02:00 [INF] DBG PMAnager: Enabled field for CashDrawer is : True
2023-01-19 15:05:09.770 +02:00 [INF] DBG PMAnager: Enabled field for CashDrawer is : True
2023-01-19 15:05:24.779 +02:00 [INF] DBG PMAnager: Enabled field for CashDrawer is : True
2023-01-19 15:05:39.785 +02:00 [INF] DBG PMAnager: Enabled field for CashDrawer is : True
2023-01-19 15:05:54.795 +02:00 [INF] DBG PMAnager: Enabled field for CashDrawer is : True
2023-01-19 15:06:09.801 +02:00 [INF] DBG PMAnager: Enabled field for CashDrawer is : True
2023-01-19 15:06:24.806 +02:00 [INF] DBG PMAnager: Enabled field for CashDrawer is : True
2023-01-19 15:06:39.808 +02:00 [INF] DBG PMAnager: Enabled field for CashDrawer is : True
2023-01-19 15:06:54.813 +02:00 [INF] DBG PMAnager: Enabled field for CashDrawer is : True
2023-01-19 15:07:09.822 +02:00 [INF] DBG PMAnager: Enabled field for CashDrawer is : True
2023-01-19 15:07:24.825 +02:00 [INF] DBG PMAnager: Enabled field for CashDrawer is : True
2023-01-19 15:07:39.835 +02:00 [INF] DBG PMAnager: Enabled field for CashDrawer is : True
2023-01-19 15:07:54.847 +02:00 [INF] DBG PMAnager: Enabled field for CashDrawer is : True
2023-01-19 15:08:09.850 +02:00 [INF] DBG PMAnager: Enabled field for CashDrawer is : True
2023-01-19 15:08:24.865 +02:00 [INF] DBG PMAnager: Enabled field for CashDrawer is : True
2023-01-19 15:08:39.876 +02:00 [INF] DBG PMAnager: Enabled field for CashDrawer is : True
2023-01-19 15:08:54.887 +02:00 [INF] DBG PMAnager: Enabled field for CashDrawer is : True
2023-01-19 15:09:09.898 +02:00 [INF] DBG PMAnager: Enabled field for CashDrawer is : True
2023-01-19 15:09:24.910 +02:00 [INF] DBG PMAnager: Enabled field for CashDrawer is : True
2023-01-19 15:09:39.913 +02:00 [INF] DBG PMAnager: Enabled field for CashDrawer is : True
2023-01-19 15:09:54.924 +02:00 [INF] DBG PMAnager: Enabled field for CashDrawer is : True
2023-01-19 15:10:09.929 +02:00 [INF] DBG PMAnager: Enabled field for CashDrawer is : True
2023-01-19 15:10:24.932 +02:00 [INF] DBG PMAnager: Enabled field for CashDrawer is : True
2023-01-19 15:10:39.944 +02:00 [INF] DBG PMAnager: Enabled field for CashDrawer is : True
2023-01-19 15:10:54.946 +02:00 [INF] DBG PMAnager: Enabled field for CashDrawer is : True
2023-01-19 15:11:09.959 +02:00 [INF] DBG PMAnager: Enabled field for CashDrawer is : True
2023-01-19 15:11:24.967 +02:00 [INF] DBG PMAnager: Enabled field for CashDrawer is : True
2023-01-19 15:11:39.977 +02:00 [INF] DBG PMAnager: Enabled field for CashDrawer is : True
2023-01-19 15:11:54.989 +02:00 [INF] DBG PMAnager: Enabled field for CashDrawer is : True
2023-01-19 15:12:10.000 +02:00 [INF] DBG PMAnager: Enabled field for CashDrawer is : True
2023-01-19 15:12:25.012 +02:00 [INF] DBG PMAnager: Enabled field for CashDrawer is : True
2023-01-19 15:12:40.026 +02:00 [INF] DBG PMAnager: Enabled field for CashDrawer is : True
2023-01-19 15:12:55.042 +02:00 [INF] DBG PMAnager: Enabled field for CashDrawer is : True
2023-01-19 15:13:10.049 +02:00 [INF] DBG PMAnager: Enabled field for CashDrawer is : True
2023-01-19 15:13:25.061 +02:00 [INF] DBG PMAnager: Enabled field for CashDrawer is : True
2023-01-19 15:13:40.072 +02:00 [INF] DBG PMAnager: Enabled field for CashDrawer is : True
2023-01-19 15:13:55.080 +02:00 [INF] DBG PMAnager: Enabled field for CashDrawer is : True
2023-01-19 15:14:10.086 +02:00 [INF] DBG PMAnager: Enabled field for CashDrawer is : True
2023-01-19 15:14:25.098 +02:00 [INF] DBG PMAnager: Enabled field for CashDrawer is : True
2023-01-19 15:14:40.104 +02:00 [INF] DBG PMAnager: Enabled field for CashDrawer is : True
2023-01-19 15:14:55.106 +02:00 [INF] DBG PMAnager: Enabled field for CashDrawer is : True
2023-01-19 15:15:10.107 +02:00 [INF] DBG PMAnager: Enabled field for CashDrawer is : True
2023-01-19 15:15:25.122 +02:00 [INF] DBG PMAnager: Enabled field for CashDrawer is : True
2023-01-19 15:15:40.131 +02:00 [INF] DBG PMAnager: Enabled field for CashDrawer is : True
2023-01-19 15:15:55.138 +02:00 [INF] DBG PMAnager: Enabled field for CashDrawer is : True
2023-01-19 15:16:10.155 +02:00 [INF] DBG PMAnager: Enabled field for CashDrawer is : True
2023-01-19 15:16:25.158 +02:00 [INF] DBG PMAnager: Enabled field for CashDrawer is : True
2023-01-19 15:16:40.173 +02:00 [INF] DBG PMAnager: Enabled field for CashDrawer is : True
2023-01-19 15:16:55.183 +02:00 [INF] DBG PMAnager: Enabled field for CashDrawer is : True
2023-01-19 15:17:10.189 +02:00 [INF] DBG PMAnager: Enabled field for CashDrawer is : True
2023-01-19 15:17:25.202 +02:00 [INF] DBG PMAnager: Enabled field for CashDrawer is : True
2023-01-19 15:17:40.205 +02:00 [INF] DBG PMAnager: Enabled field for CashDrawer is : True
2023-01-19 15:17:55.219 +02:00 [INF] DBG PMAnager: Enabled field for CashDrawer is : True
2023-01-19 15:18:10.221 +02:00 [INF] DBG PMAnager: Enabled field for CashDrawer is : True
2023-01-19 15:18:25.226 +02:00 [INF] DBG PMAnager: Enabled field for CashDrawer is : True
2023-01-19 15:18:40.235 +02:00 [INF] DBG PMAnager: Enabled field for CashDrawer is : True
2023-01-19 15:18:55.241 +02:00 [INF] DBG PMAnager: Enabled field for CashDrawer is : True
2023-01-19 15:19:10.244 +02:00 [INF] DBG PMAnager: Enabled field for CashDrawer is : True
2023-01-19 15:19:25.259 +02:00 [INF] DBG PMAnager: Enabled field for CashDrawer is : True
2023-01-19 15:19:40.261 +02:00 [INF] DBG PMAnager: Enabled field for CashDrawer is : True
2023-01-19 15:19:55.266 +02:00 [INF] DBG PMAnager: Enabled field for CashDrawer is : True
2023-01-19 15:20:10.279 +02:00 [INF] DBG PMAnager: Enabled field for CashDrawer is : True
2023-01-19 15:20:25.287 +02:00 [INF] DBG PMAnager: Enabled field for CashDrawer is : True
2023-01-19 15:20:40.301 +02:00 [INF] DBG PMAnager: Enabled field for CashDrawer is : True
2023-01-19 15:20:55.315 +02:00 [INF] DBG PMAnager: Enabled field for CashDrawer is : True
2023-01-19 15:21:10.326 +02:00 [INF] DBG PMAnager: Enabled field for CashDrawer is : True
2023-01-19 15:21:25.334 +02:00 [INF] DBG PMAnager: Enabled field for CashDrawer is : True
2023-01-19 15:21:40.342 +02:00 [INF] DBG PMAnager: Enabled field for CashDrawer is : True
2023-01-19 15:21:55.346 +02:00 [INF] DBG PMAnager: Enabled field for CashDrawer is : True
2023-01-19 15:22:10.356 +02:00 [INF] DBG PMAnager: Enabled field for CashDrawer is : True
2023-01-19 15:22:25.365 +02:00 [INF] DBG PMAnager: Enabled field for CashDrawer is : True
2023-01-19 15:22:40.381 +02:00 [INF] DBG PMAnager: Enabled field for CashDrawer is : True
2023-01-19 15:22:55.390 +02:00 [INF] DBG PMAnager: Enabled field for CashDrawer is : True
2023-01-19 15:23:10.404 +02:00 [INF] DBG PMAnager: Enabled field for CashDrawer is : True
2023-01-19 15:23:25.411 +02:00 [INF] DBG PMAnager: Enabled field for CashDrawer is : True
2023-01-19 15:23:40.423 +02:00 [INF] DBG PMAnager: Enabled field for CashDrawer is : True
2023-01-19 15:23:55.425 +02:00 [INF] DBG PMAnager: Enabled field for CashDrawer is : True
2023-01-19 15:24:10.429 +02:00 [INF] DBG PMAnager: Enabled field for CashDrawer is : True
2023-01-19 15:24:25.445 +02:00 [INF] DBG PMAnager: Enabled field for CashDrawer is : True
2023-01-19 15:24:40.453 +02:00 [INF] DBG PMAnager: Enabled field for CashDrawer is : True
2023-01-19 15:24:55.455 +02:00 [INF] DBG PMAnager: Enabled field for CashDrawer is : True
2023-01-19 15:25:10.470 +02:00 [INF] DBG PMAnager: Enabled field for CashDrawer is : True
2023-01-19 15:25:25.473 +02:00 [INF] DBG PMAnager: Enabled field for CashDrawer is : True
2023-01-19 15:25:40.480 +02:00 [INF] DBG PMAnager: Enabled field for CashDrawer is : True
2023-01-19 15:25:55.496 +02:00 [INF] DBG PMAnager: Enabled field for CashDrawer is : True
2023-01-19 15:26:10.507 +02:00 [INF] DBG PMAnager: Enabled field for CashDrawer is : True
2023-01-19 15:26:25.522 +02:00 [INF] DBG PMAnager: Enabled field for CashDrawer is : True
2023-01-19 15:26:40.539 +02:00 [INF] DBG PMAnager: Enabled field for CashDrawer is : True
2023-01-19 15:26:55.547 +02:00 [INF] DBG PMAnager: Enabled field for CashDrawer is : True
2023-01-19 15:27:10.555 +02:00 [INF] DBG PMAnager: Enabled field for CashDrawer is : True
2023-01-19 15:27:25.569 +02:00 [INF] DBG PMAnager: Enabled field for CashDrawer is : True
2023-01-19 15:27:40.575 +02:00 [INF] DBG PMAnager: Enabled field for CashDrawer is : True
2023-01-19 15:27:55.589 +02:00 [INF] DBG PMAnager: Enabled field for CashDrawer is : True
2023-01-19 15:28:10.601 +02:00 [INF] DBG PMAnager: Enabled field for CashDrawer is : True
2023-01-19 15:28:25.612 +02:00 [INF] DBG PMAnager: Enabled field for CashDrawer is : True
2023-01-19 15:28:40.616 +02:00 [INF] DBG PMAnager: Enabled field for CashDrawer is : True
2023-01-19 15:28:55.619 +02:00 [INF] DBG PMAnager: Enabled field for CashDrawer is : True
2023-01-19 15:29:10.628 +02:00 [INF] DBG PMAnager: Enabled field for CashDrawer is : True
2023-01-19 15:29:25.636 +02:00 [INF] DBG PMAnager: Enabled field for CashDrawer is : True
2023-01-19 15:29:40.641 +02:00 [INF] DBG PMAnager: Enabled field for CashDrawer is : True
2023-01-19 15:29:55.644 +02:00 [INF] DBG PMAnager: Enabled field for CashDrawer is : True
2023-01-19 15:30:10.645 +02:00 [INF] DBG PMAnager: Enabled field for CashDrawer is : True
2023-01-19 15:30:25.658 +02:00 [INF] DBG PMAnager: Enabled field for CashDrawer is : True
2023-01-19 15:30:40.665 +02:00 [INF] DBG PMAnager: Enabled field for CashDrawer is : True
2023-01-19 15:30:55.677 +02:00 [INF] DBG PMAnager: Enabled field for CashDrawer is : True
2023-01-19 15:31:10.692 +02:00 [INF] DBG PMAnager: Enabled field for CashDrawer is : True
2023-01-19 15:31:25.708 +02:00 [INF] DBG PMAnager: Enabled field for CashDrawer is : True
2023-01-19 15:31:40.718 +02:00 [INF] DBG PMAnager: Enabled field for CashDrawer is : True
2023-01-19 15:31:55.730 +02:00 [INF] DBG PMAnager: Enabled field for CashDrawer is : True
2023-01-19 15:32:10.731 +02:00 [INF] DBG PMAnager: Enabled field for CashDrawer is : True
2023-01-19 15:32:25.742 +02:00 [INF] DBG PMAnager: Enabled field for CashDrawer is : True
2023-01-19 15:32:40.755 +02:00 [INF] DBG PMAnager: Enabled field for CashDrawer is : True
2023-01-19 15:32:55.761 +02:00 [INF] DBG PMAnager: Enabled field for CashDrawer is : True
2023-01-19 15:33:10.776 +02:00 [INF] DBG PMAnager: Enabled field for CashDrawer is : True
2023-01-19 15:33:25.785 +02:00 [INF] DBG PMAnager: Enabled field for CashDrawer is : True
2023-01-19 15:33:40.798 +02:00 [INF] DBG PMAnager: Enabled field for CashDrawer is : True
2023-01-19 15:33:55.802 +02:00 [INF] DBG PMAnager: Enabled field for CashDrawer is : True
2023-01-19 15:34:10.815 +02:00 [INF] DBG PMAnager: Enabled field for CashDrawer is : True
2023-01-19 15:34:25.825 +02:00 [INF] DBG PMAnager: Enabled field for CashDrawer is : True
2023-01-19 15:34:40.827 +02:00 [INF] DBG PMAnager: Enabled field for CashDrawer is : True
2023-01-19 15:34:55.839 +02:00 [INF] DBG PMAnager: Enabled field for CashDrawer is : True
2023-01-19 15:35:10.851 +02:00 [INF] DBG PMAnager: Enabled field for CashDrawer is : True
2023-01-19 15:35:25.852 +02:00 [INF] DBG PMAnager: Enabled field for CashDrawer is : True
2023-01-19 15:35:40.862 +02:00 [INF] DBG PMAnager: Enabled field for CashDrawer is : True
2023-01-19 15:35:55.866 +02:00 [INF] DBG PMAnager: Enabled field for CashDrawer is : True
2023-01-19 15:36:10.875 +02:00 [INF] DBG PMAnager: Enabled field for CashDrawer is : True
2023-01-19 15:36:25.881 +02:00 [INF] DBG PMAnager: Enabled field for CashDrawer is : True
2023-01-19 15:36:40.886 +02:00 [INF] DBG PMAnager: Enabled field for CashDrawer is : True
2023-01-19 15:36:55.901 +02:00 [INF] DBG PMAnager: Enabled field for CashDrawer is : True
2023-01-19 15:37:10.904 +02:00 [INF] DBG PMAnager: Enabled field for CashDrawer is : True
2023-01-19 15:37:25.906 +02:00 [INF] DBG PMAnager: Enabled field for CashDrawer is : True
2023-01-19 15:37:40.916 +02:00 [INF] DBG PMAnager: Enabled field for CashDrawer is : True
2023-01-19 15:37:55.923 +02:00 [INF] DBG PMAnager: Enabled field for CashDrawer is : True
2023-01-19 15:38:10.932 +02:00 [INF] DBG PMAnager: Enabled field for CashDrawer is : True
2023-01-19 15:38:25.942 +02:00 [INF] DBG PMAnager: Enabled field for CashDrawer is : True
2023-01-19 15:38:40.944 +02:00 [INF] DBG PMAnager: Enabled field for CashDrawer is : True
2023-01-19 15:38:55.959 +02:00 [INF] DBG PMAnager: Enabled field for CashDrawer is : True
2023-01-19 15:39:10.975 +02:00 [INF] DBG PMAnager: Enabled field for CashDrawer is : True
2023-01-19 15:39:25.980 +02:00 [INF] DBG PMAnager: Enabled field for CashDrawer is : True
2023-01-19 15:39:40.996 +02:00 [INF] DBG PMAnager: Enabled field for CashDrawer is : True
2023-01-19 15:39:55.997 +02:00 [INF] DBG PMAnager: Enabled field for CashDrawer is : True
2023-01-19 15:40:11.012 +02:00 [INF] DBG PMAnager: Enabled field for CashDrawer is : True
2023-01-19 15:40:26.024 +02:00 [INF] DBG PMAnager: Enabled field for CashDrawer is : True
2023-01-19 15:40:41.039 +02:00 [INF] DBG PMAnager: Enabled field for CashDrawer is : True
2023-01-19 15:40:56.051 +02:00 [INF] DBG PMAnager: Enabled field for CashDrawer is : True
2023-01-19 15:41:11.067 +02:00 [INF] DBG PMAnager: Enabled field for CashDrawer is : True
2023-01-19 15:41:26.068 +02:00 [INF] DBG PMAnager: Enabled field for CashDrawer is : True
2023-01-19 15:41:41.069 +02:00 [INF] DBG PMAnager: Enabled field for CashDrawer is : True
2023-01-19 15:41:56.076 +02:00 [INF] DBG PMAnager: Enabled field for CashDrawer is : True
2023-01-19 15:42:11.088 +02:00 [INF] DBG PMAnager: Enabled field for CashDrawer is : True
2023-01-19 15:42:26.094 +02:00 [INF] DBG PMAnager: Enabled field for CashDrawer is : True
2023-01-19 15:42:41.104 +02:00 [INF] DBG PMAnager: Enabled field for CashDrawer is : True
2023-01-19 15:42:56.112 +02:00 [INF] DBG PMAnager: Enabled field for CashDrawer is : True
2023-01-19 15:43:11.122 +02:00 [INF] DBG PMAnager: Enabled field for CashDrawer is : True
2023-01-19 15:43:26.135 +02:00 [INF] DBG PMAnager: Enabled field for CashDrawer is : True
2023-01-19 15:43:41.147 +02:00 [INF] DBG PMAnager: Enabled field for CashDrawer is : True
2023-01-19 15:43:56.153 +02:00 [INF] DBG PMAnager: Enabled field for CashDrawer is : True
2023-01-19 15:44:11.158 +02:00 [INF] DBG PMAnager: Enabled field for CashDrawer is : True
2023-01-19 15:44:26.164 +02:00 [INF] DBG PMAnager: Enabled field for CashDrawer is : True
2023-01-19 15:44:41.166 +02:00 [INF] DBG PMAnager: Enabled field for CashDrawer is : True
2023-01-19 15:44:56.176 +02:00 [INF] DBG PMAnager: Enabled field for CashDrawer is : True
2023-01-19 15:45:11.179 +02:00 [INF] DBG PMAnager: Enabled field for CashDrawer is : True
2023-01-19 15:45:26.186 +02:00 [INF] DBG PMAnager: Enabled field for CashDrawer is : True
2023-01-19 15:45:41.198 +02:00 [INF] DBG PMAnager: Enabled field for CashDrawer is : True
2023-01-19 15:45:56.206 +02:00 [INF] DBG PMAnager: Enabled field for CashDrawer is : True
2023-01-19 15:46:11.217 +02:00 [INF] DBG PMAnager: Enabled field for CashDrawer is : True
2023-01-19 15:46:26.231 +02:00 [INF] DBG PMAnager: Enabled field for CashDrawer is : True
2023-01-19 15:46:41.245 +02:00 [INF] DBG PMAnager: Enabled field for CashDrawer is : True
2023-01-19 15:46:56.255 +02:00 [INF] DBG PMAnager: Enabled field for CashDrawer is : True
2023-01-19 15:47:11.257 +02:00 [INF] DBG PMAnager: Enabled field for CashDrawer is : True
2023-01-19 15:47:26.268 +02:00 [INF] DBG PMAnager: Enabled field for CashDrawer is : True
2023-01-19 15:47:41.271 +02:00 [INF] DBG PMAnager: Enabled field for CashDrawer is : True
2023-01-19 15:47:56.281 +02:00 [INF] DBG PMAnager: Enabled field for CashDrawer is : True
2023-01-19 15:48:11.284 +02:00 [INF] DBG PMAnager: Enabled field for CashDrawer is : True
2023-01-19 15:48:26.297 +02:00 [INF] DBG PMAnager: Enabled field for CashDrawer is : True
2023-01-19 15:48:41.305 +02:00 [INF] DBG PMAnager: Enabled field for CashDrawer is : True
2023-01-19 15:48:56.314 +02:00 [INF] DBG PMAnager: Enabled field for CashDrawer is : True
2023-01-19 15:49:11.316 +02:00 [INF] DBG PMAnager: Enabled field for CashDrawer is : True
2023-01-19 15:49:26.332 +02:00 [INF] DBG PMAnager: Enabled field for CashDrawer is : True
2023-01-19 15:49:41.346 +02:00 [INF] DBG PMAnager: Enabled field for CashDrawer is : True
2023-01-19 15:49:56.351 +02:00 [INF] DBG PMAnager: Enabled field for CashDrawer is : True
2023-01-19 15:50:11.367 +02:00 [INF] DBG PMAnager: Enabled field for CashDrawer is : True
2023-01-19 15:50:26.376 +02:00 [INF] DBG PMAnager: Enabled field for CashDrawer is : True
2023-01-19 15:50:41.392 +02:00 [INF] DBG PMAnager: Enabled field for CashDrawer is : True
2023-01-19 15:50:56.395 +02:00 [INF] DBG PMAnager: Enabled field for CashDrawer is : True
2023-01-19 15:51:11.397 +02:00 [INF] DBG PMAnager: Enabled field for CashDrawer is : True
2023-01-19 15:51:26.406 +02:00 [INF] DBG PMAnager: Enabled field for CashDrawer is : True
2023-01-19 15:51:41.409 +02:00 [INF] DBG PMAnager: Enabled field for CashDrawer is : True
2023-01-19 15:51:56.413 +02:00 [INF] DBG PMAnager: Enabled field for CashDrawer is : True
2023-01-19 15:52:11.426 +02:00 [INF] DBG PMAnager: Enabled field for CashDrawer is : True
2023-01-19 15:52:26.437 +02:00 [INF] DBG PMAnager: Enabled field for CashDrawer is : True
2023-01-19 15:52:41.442 +02:00 [INF] DBG PMAnager: Enabled field for CashDrawer is : True
2023-01-19 15:52:56.444 +02:00 [INF] DBG PMAnager: Enabled field for CashDrawer is : True
2023-01-19 15:53:11.460 +02:00 [INF] DBG PMAnager: Enabled field for CashDrawer is : True
2023-01-19 15:53:26.470 +02:00 [INF] DBG PMAnager: Enabled field for CashDrawer is : True
2023-01-19 15:53:41.475 +02:00 [INF] DBG PMAnager: Enabled field for CashDrawer is : True
2023-01-19 15:53:56.478 +02:00 [INF] DBG PMAnager: Enabled field for CashDrawer is : True
2023-01-19 15:54:11.492 +02:00 [INF] DBG PMAnager: Enabled field for CashDrawer is : True
2023-01-19 15:54:26.504 +02:00 [INF] DBG PMAnager: Enabled field for CashDrawer is : True
2023-01-19 15:54:41.514 +02:00 [INF] DBG PMAnager: Enabled field for CashDrawer is : True
2023-01-19 15:54:56.520 +02:00 [INF] DBG PMAnager: Enabled field for CashDrawer is : True
2023-01-19 15:55:11.532 +02:00 [INF] DBG PMAnager: Enabled field for CashDrawer is : True
2023-01-19 15:55:26.547 +02:00 [INF] DBG PMAnager: Enabled field for CashDrawer is : True
2023-01-19 15:55:41.554 +02:00 [INF] DBG PMAnager: Enabled field for CashDrawer is : True
2023-01-19 15:55:56.560 +02:00 [INF] DBG PMAnager: Enabled field for CashDrawer is : True
2023-01-19 15:56:11.566 +02:00 [INF] DBG PMAnager: Enabled field for CashDrawer is : True
2023-01-19 15:56:26.568 +02:00 [INF] DBG PMAnager: Enabled field for CashDrawer is : True
2023-01-19 15:56:41.578 +02:00 [INF] DBG PMAnager: Enabled field for CashDrawer is : True
2023-01-19 15:56:56.585 +02:00 [INF] DBG PMAnager: Enabled field for CashDrawer is : True
2023-01-19 15:57:11.586 +02:00 [INF] DBG PMAnager: Enabled field for CashDrawer is : True
2023-01-19 15:57:26.598 +02:00 [INF] DBG PMAnager: Enabled field for CashDrawer is : True
2023-01-19 15:57:41.613 +02:00 [INF] DBG PMAnager: Enabled field for CashDrawer is : True
2023-01-19 15:57:56.619 +02:00 [INF] DBG PMAnager: Enabled field for CashDrawer is : True
2023-01-19 15:58:11.630 +02:00 [INF] DBG PMAnager: Enabled field for CashDrawer is : True
2023-01-19 15:58:26.638 +02:00 [INF] DBG PMAnager: Enabled field for CashDrawer is : True
2023-01-19 15:58:41.642 +02:00 [INF] DBG PMAnager: Enabled field for CashDrawer is : True
2023-01-19 15:58:56.657 +02:00 [INF] DBG PMAnager: Enabled field for CashDrawer is : True
2023-01-19 15:59:11.667 +02:00 [INF] DBG PMAnager: Enabled field for CashDrawer is : True
2023-01-19 15:59:26.668 +02:00 [INF] DBG PMAnager: Enabled field for CashDrawer is : True
2023-01-19 15:59:41.674 +02:00 [INF] DBG PMAnager: Enabled field for CashDrawer is : True
2023-01-19 15:59:56.680 +02:00 [INF] DBG PMAnager: Enabled field for CashDrawer is : True
2023-01-19 16:00:11.697 +02:00 [INF] DBG PMAnager: Enabled field for CashDrawer is : True
2023-01-19 16:00:26.699 +02:00 [INF] DBG PMAnager: Enabled field for CashDrawer is : True
2023-01-19 16:00:41.708 +02:00 [INF] DBG PMAnager: Enabled field for CashDrawer is : True
2023-01-19 16:00:56.710 +02:00 [INF] DBG PMAnager: Enabled field for CashDrawer is : True
2023-01-19 16:01:11.719 +02:00 [INF] DBG PMAnager: Enabled field for CashDrawer is : True
2023-01-19 16:01:26.733 +02:00 [INF] DBG PMAnager: Enabled field for CashDrawer is : True
2023-01-19 16:01:41.749 +02:00 [INF] DBG PMAnager: Enabled field for CashDrawer is : True
2023-01-19 16:01:56.764 +02:00 [INF] DBG PMAnager: Enabled field for CashDrawer is : True
2023-01-19 16:02:11.778 +02:00 [INF] DBG PMAnager: Enabled field for CashDrawer is : True
2023-01-19 16:02:26.783 +02:00 [INF] DBG PMAnager: Enabled field for CashDrawer is : True
2023-01-19 16:02:41.784 +02:00 [INF] DBG PMAnager: Enabled field for CashDrawer is : True
2023-01-19 16:02:56.793 +02:00 [INF] DBG PMAnager: Enabled field for CashDrawer is : True
2023-01-19 16:03:11.807 +02:00 [INF] DBG PMAnager: Enabled field for CashDrawer is : True
2023-01-19 16:03:26.807 +02:00 [INF] DBG PMAnager: Enabled field for CashDrawer is : True
2023-01-19 16:03:41.818 +02:00 [INF] DBG PMAnager: Enabled field for CashDrawer is : True
2023-01-19 16:03:56.827 +02:00 [INF] DBG PMAnager: Enabled field for CashDrawer is : True
2023-01-19 16:04:11.842 +02:00 [INF] DBG PMAnager: Enabled field for CashDrawer is : True
2023-01-19 16:04:26.851 +02:00 [INF] DBG PMAnager: Enabled field for CashDrawer is : True
2023-01-19 16:04:41.860 +02:00 [INF] DBG PMAnager: Enabled field for CashDrawer is : True
2023-01-19 16:04:56.867 +02:00 [INF] DBG PMAnager: Enabled field for CashDrawer is : True
2023-01-19 16:05:11.877 +02:00 [INF] DBG PMAnager: Enabled field for CashDrawer is : True
2023-01-19 16:05:26.891 +02:00 [INF] DBG PMAnager: Enabled field for CashDrawer is : True
2023-01-19 16:05:41.902 +02:00 [INF] DBG PMAnager: Enabled field for CashDrawer is : True
2023-01-19 16:05:56.909 +02:00 [INF] DBG PMAnager: Enabled field for CashDrawer is : True
2023-01-19 16:06:11.921 +02:00 [INF] DBG PMAnager: Enabled field for CashDrawer is : True
2023-01-19 16:06:26.925 +02:00 [INF] DBG PMAnager: Enabled field for CashDrawer is : True
2023-01-19 16:06:41.926 +02:00 [INF] DBG PMAnager: Enabled field for CashDrawer is : True
2023-01-19 16:06:56.935 +02:00 [INF] DBG PMAnager: Enabled field for CashDrawer is : True
2023-01-19 16:07:11.942 +02:00 [INF] DBG PMAnager: Enabled field for CashDrawer is : True
2023-01-19 16:07:26.945 +02:00 [INF] DBG PMAnager: Enabled field for CashDrawer is : True
2023-01-19 16:07:41.961 +02:00 [INF] DBG PMAnager: Enabled field for CashDrawer is : True
2023-01-19 16:07:56.965 +02:00 [INF] DBG PMAnager: Enabled field for CashDrawer is : True
2023-01-19 16:08:11.979 +02:00 [INF] DBG PMAnager: Enabled field for CashDrawer is : True
2023-01-19 16:08:26.989 +02:00 [INF] DBG PMAnager: Enabled field for CashDrawer is : True
2023-01-19 16:08:42.001 +02:00 [INF] DBG PMAnager: Enabled field for CashDrawer is : True
2023-01-19 16:08:57.003 +02:00 [INF] DBG PMAnager: Enabled field for CashDrawer is : True
2023-01-19 16:09:12.005 +02:00 [INF] DBG PMAnager: Enabled field for CashDrawer is : True
2023-01-19 16:09:27.009 +02:00 [INF] DBG PMAnager: Enabled field for CashDrawer is : True
2023-01-19 16:09:42.017 +02:00 [INF] DBG PMAnager: Enabled field for CashDrawer is : True
2023-01-19 16:09:57.023 +02:00 [INF] DBG PMAnager: Enabled field for CashDrawer is : True
2023-01-19 16:10:12.039 +02:00 [INF] DBG PMAnager: Enabled field for CashDrawer is : True
2023-01-19 16:10:27.048 +02:00 [INF] DBG PMAnager: Enabled field for CashDrawer is : True
2023-01-19 16:10:42.052 +02:00 [INF] DBG PMAnager: Enabled field for CashDrawer is : True
2023-01-19 16:10:57.065 +02:00 [INF] DBG PMAnager: Enabled field for CashDrawer is : True
2023-01-19 16:11:12.068 +02:00 [INF] DBG PMAnager: Enabled field for CashDrawer is : True
2023-01-19 16:11:27.084 +02:00 [INF] DBG PMAnager: Enabled field for CashDrawer is : True
2023-01-19 16:11:42.087 +02:00 [INF] DBG PMAnager: Enabled field for CashDrawer is : True
2023-01-19 16:11:57.099 +02:00 [INF] DBG PMAnager: Enabled field for CashDrawer is : True
2023-01-19 16:12:12.103 +02:00 [INF] DBG PMAnager: Enabled field for CashDrawer is : True
2023-01-19 16:12:27.111 +02:00 [INF] DBG PMAnager: Enabled field for CashDrawer is : True
2023-01-19 16:12:42.112 +02:00 [INF] DBG PMAnager: Enabled field for CashDrawer is : True
2023-01-19 16:12:57.115 +02:00 [INF] DBG PMAnager: Enabled field for CashDrawer is : True
2023-01-19 16:13:12.121 +02:00 [INF] DBG PMAnager: Enabled field for CashDrawer is : True
2023-01-19 16:13:27.122 +02:00 [INF] DBG PMAnager: Enabled field for CashDrawer is : True
2023-01-19 16:13:42.132 +02:00 [INF] DBG PMAnager: Enabled field for CashDrawer is : True
2023-01-19 16:13:57.132 +02:00 [INF] DBG PMAnager: Enabled field for CashDrawer is : True
2023-01-19 16:14:12.138 +02:00 [INF] DBG PMAnager: Enabled field for CashDrawer is : True
2023-01-19 16:14:27.144 +02:00 [INF] DBG PMAnager: Enabled field for CashDrawer is : True
2023-01-19 16:14:42.157 +02:00 [INF] DBG PMAnager: Enabled field for CashDrawer is : True
2023-01-19 16:14:57.170 +02:00 [INF] DBG PMAnager: Enabled field for CashDrawer is : True
2023-01-19 16:15:12.172 +02:00 [INF] DBG PMAnager: Enabled field for CashDrawer is : True
2023-01-19 16:15:27.183 +02:00 [INF] DBG PMAnager: Enabled field for CashDrawer is : True
2023-01-19 16:15:42.193 +02:00 [INF] DBG PMAnager: Enabled field for CashDrawer is : True
2023-01-19 16:15:57.196 +02:00 [INF] DBG PMAnager: Enabled field for CashDrawer is : True
2023-01-19 16:16:12.202 +02:00 [INF] DBG PMAnager: Enabled field for CashDrawer is : True
2023-01-19 16:16:27.216 +02:00 [INF] DBG PMAnager: Enabled field for CashDrawer is : True
2023-01-19 16:16:42.233 +02:00 [INF] DBG PMAnager: Enabled field for CashDrawer is : True
2023-01-19 16:16:57.237 +02:00 [INF] DBG PMAnager: Enabled field for CashDrawer is : True
2023-01-19 16:17:12.246 +02:00 [INF] DBG PMAnager: Enabled field for CashDrawer is : True
2023-01-19 16:17:27.257 +02:00 [INF] DBG PMAnager: Enabled field for CashDrawer is : True
2023-01-19 16:17:42.272 +02:00 [INF] DBG PMAnager: Enabled field for CashDrawer is : True
2023-01-19 16:17:57.282 +02:00 [INF] DBG PMAnager: Enabled field for CashDrawer is : True
2023-01-19 16:18:12.293 +02:00 [INF] DBG PMAnager: Enabled field for CashDrawer is : True
2023-01-19 16:18:27.308 +02:00 [INF] DBG PMAnager: Enabled field for CashDrawer is : True
2023-01-19 16:18:42.312 +02:00 [INF] DBG PMAnager: Enabled field for CashDrawer is : True
2023-01-19 16:18:57.320 +02:00 [INF] DBG PMAnager: Enabled field for CashDrawer is : True
2023-01-19 16:19:12.332 +02:00 [INF] DBG PMAnager: Enabled field for CashDrawer is : True
2023-01-19 16:19:27.346 +02:00 [INF] DBG PMAnager: Enabled field for CashDrawer is : True
2023-01-19 16:19:42.356 +02:00 [INF] DBG PMAnager: Enabled field for CashDrawer is : True
2023-01-19 16:19:57.368 +02:00 [INF] DBG PMAnager: Enabled field for CashDrawer is : True
2023-01-19 16:20:12.373 +02:00 [INF] DBG PMAnager: Enabled field for CashDrawer is : True
2023-01-19 16:20:27.378 +02:00 [INF] DBG PMAnager: Enabled field for CashDrawer is : True
2023-01-19 16:20:42.393 +02:00 [INF] DBG PMAnager: Enabled field for CashDrawer is : True
2023-01-19 16:20:57.398 +02:00 [INF] DBG PMAnager: Enabled field for CashDrawer is : True
2023-01-19 16:21:12.407 +02:00 [INF] DBG PMAnager: Enabled field for CashDrawer is : True
2023-01-19 16:21:27.409 +02:00 [INF] DBG PMAnager: Enabled field for CashDrawer is : True
2023-01-19 16:21:42.417 +02:00 [INF] DBG PMAnager: Enabled field for CashDrawer is : True
2023-01-19 16:21:57.419 +02:00 [INF] DBG PMAnager: Enabled field for CashDrawer is : True
2023-01-19 16:22:12.435 +02:00 [INF] DBG PMAnager: Enabled field for CashDrawer is : True
2023-01-19 16:22:27.437 +02:00 [INF] DBG PMAnager: Enabled field for CashDrawer is : True
2023-01-19 16:22:42.449 +02:00 [INF] DBG PMAnager: Enabled field for CashDrawer is : True
2023-01-19 16:22:57.458 +02:00 [INF] DBG PMAnager: Enabled field for CashDrawer is : True
2023-01-19 16:23:12.463 +02:00 [INF] DBG PMAnager: Enabled field for CashDrawer is : True
2023-01-19 16:23:27.465 +02:00 [INF] DBG PMAnager: Enabled field for CashDrawer is : True
2023-01-19 16:23:42.474 +02:00 [INF] DBG PMAnager: Enabled field for CashDrawer is : True
2023-01-19 16:23:57.478 +02:00 [INF] DBG PMAnager: Enabled field for CashDrawer is : True
2023-01-19 16:24:12.484 +02:00 [INF] DBG PMAnager: Enabled field for CashDrawer is : True
2023-01-19 16:24:27.499 +02:00 [INF] DBG PMAnager: Enabled field for CashDrawer is : True
2023-01-19 16:24:42.500 +02:00 [INF] DBG PMAnager: Enabled field for CashDrawer is : True
2023-01-19 16:24:57.503 +02:00 [INF] DBG PMAnager: Enabled field for CashDrawer is : True
2023-01-19 16:25:12.506 +02:00 [INF] DBG PMAnager: Enabled field for CashDrawer is : True
2023-01-19 16:25:27.520 +02:00 [INF] DBG PMAnager: Enabled field for CashDrawer is : True
2023-01-19 16:25:42.533 +02:00 [INF] DBG PMAnager: Enabled field for CashDrawer is : True
2023-01-19 16:25:57.545 +02:00 [INF] DBG PMAnager: Enabled field for CashDrawer is : True
2023-01-19 16:26:12.554 +02:00 [INF] DBG PMAnager: Enabled field for CashDrawer is : True
2023-01-19 16:26:27.567 +02:00 [INF] DBG PMAnager: Enabled field for CashDrawer is : True
2023-01-19 16:26:42.570 +02:00 [INF] DBG PMAnager: Enabled field for CashDrawer is : True
2023-01-19 16:26:57.579 +02:00 [INF] DBG PMAnager: Enabled field for CashDrawer is : True
2023-01-19 16:27:12.582 +02:00 [INF] DBG PMAnager: Enabled field for CashDrawer is : True
2023-01-19 16:27:27.587 +02:00 [INF] DBG PMAnager: Enabled field for CashDrawer is : True
2023-01-19 16:27:42.594 +02:00 [INF] DBG PMAnager: Enabled field for CashDrawer is : True
2023-01-19 16:27:57.596 +02:00 [INF] DBG PMAnager: Enabled field for CashDrawer is : True
2023-01-19 16:28:12.609 +02:00 [INF] DBG PMAnager: Enabled field for CashDrawer is : True
2023-01-19 16:28:27.620 +02:00 [INF] DBG PMAnager: Enabled field for CashDrawer is : True
2023-01-19 16:28:42.625 +02:00 [INF] DBG PMAnager: Enabled field for CashDrawer is : True
2023-01-19 16:28:57.631 +02:00 [INF] DBG PMAnager: Enabled field for CashDrawer is : True
2023-01-19 16:29:12.639 +02:00 [INF] DBG PMAnager: Enabled field for CashDrawer is : True
2023-01-19 16:29:27.647 +02:00 [INF] DBG PMAnager: Enabled field for CashDrawer is : True
2023-01-19 16:29:42.653 +02:00 [INF] DBG PMAnager: Enabled field for CashDrawer is : True
2023-01-19 16:29:57.670 +02:00 [INF] DBG PMAnager: Enabled field for CashDrawer is : True
2023-01-19 16:30:12.683 +02:00 [INF] DBG PMAnager: Enabled field for CashDrawer is : True
2023-01-19 16:30:27.689 +02:00 [INF] DBG PMAnager: Enabled field for CashDrawer is : True
2023-01-19 16:30:42.706 +02:00 [INF] DBG PMAnager: Enabled field for CashDrawer is : True
2023-01-19 16:30:57.721 +02:00 [INF] DBG PMAnager: Enabled field for CashDrawer is : True
2023-01-19 16:31:12.735 +02:00 [INF] DBG PMAnager: Enabled field for CashDrawer is : True
2023-01-19 16:31:27.746 +02:00 [INF] DBG PMAnager: Enabled field for CashDrawer is : True
2023-01-19 16:31:42.763 +02:00 [INF] DBG PMAnager: Enabled field for CashDrawer is : True
2023-01-19 16:31:57.776 +02:00 [INF] DBG PMAnager: Enabled field for CashDrawer is : True
2023-01-19 16:32:12.785 +02:00 [INF] DBG PMAnager: Enabled field for CashDrawer is : True
2023-01-19 16:32:27.797 +02:00 [INF] DBG PMAnager: Enabled field for CashDrawer is : True
2023-01-19 16:32:42.810 +02:00 [INF] DBG PMAnager: Enabled field for CashDrawer is : True
2023-01-19 16:32:57.815 +02:00 [INF] DBG PMAnager: Enabled field for CashDrawer is : True
2023-01-19 16:33:12.818 +02:00 [INF] DBG PMAnager: Enabled field for CashDrawer is : True
2023-01-19 16:33:27.832 +02:00 [INF] DBG PMAnager: Enabled field for CashDrawer is : True
2023-01-19 16:33:42.842 +02:00 [INF] DBG PMAnager: Enabled field for CashDrawer is : True
2023-01-19 16:33:57.845 +02:00 [INF] DBG PMAnager: Enabled field for CashDrawer is : True
2023-01-19 16:34:12.852 +02:00 [INF] DBG PMAnager: Enabled field for CashDrawer is : True
2023-01-19 16:34:27.861 +02:00 [INF] DBG PMAnager: Enabled field for CashDrawer is : True
2023-01-19 16:34:42.871 +02:00 [INF] DBG PMAnager: Enabled field for CashDrawer is : True
2023-01-19 16:34:57.878 +02:00 [INF] DBG PMAnager: Enabled field for CashDrawer is : True
2023-01-19 16:35:12.890 +02:00 [INF] DBG PMAnager: Enabled field for CashDrawer is : True
2023-01-19 16:35:27.894 +02:00 [INF] DBG PMAnager: Enabled field for CashDrawer is : True
2023-01-19 16:35:42.901 +02:00 [INF] DBG PMAnager: Enabled field for CashDrawer is : True
2023-01-19 16:35:57.909 +02:00 [INF] DBG PMAnager: Enabled field for CashDrawer is : True
2023-01-19 16:36:12.920 +02:00 [INF] DBG PMAnager: Enabled field for CashDrawer is : True
2023-01-19 16:36:27.930 +02:00 [INF] DBG PMAnager: Enabled field for CashDrawer is : True
